d:\oop project\bang bang chiu\debug\vc141.pdb
d:\oop project\bang bang chiu\debug\vc141.idb
d:\oop project\bang bang chiu\debug\threatsobject.obj
d:\oop project\bang bang chiu\debug\textobject.obj
d:\oop project\bang bang chiu\debug\menu.obj
d:\oop project\bang bang chiu\debug\mainobject.obj
d:\oop project\bang bang chiu\debug\main.obj
d:\oop project\bang bang chiu\debug\hpobject.obj
d:\oop project\bang bang chiu\debug\gift.obj
d:\oop project\bang bang chiu\debug\explosion.obj
d:\oop project\bang bang chiu\debug\commonfunction.obj
d:\oop project\bang bang chiu\debug\baseobject.obj
d:\oop project\bang bang chiu\debug\audio.obj
d:\oop project\bang bang chiu\debug\amoobject.obj
d:\oop project\bang bang chiu\debug\background.obj
d:\oop project\bang bang chiu\debug\control.obj
d:\oop project\debug\bang bang chiu.exe
d:\oop project\debug\bang bang chiu.ilk
d:\oop project\debug\bang bang chiu.pdb
d:\oop project\bang bang chiu\debug\present.obj
d:\oop project\bang bang chiu\debug\vc142.idb
d:\oop project\bang bang chiu\debug\vc142.pdb
d:\oop project\bang bang chiu\debug\bang bang chiu.tlog\cl.command.1.tlog
d:\oop project\bang bang chiu\debug\bang bang chiu.tlog\cl.read.1.tlog
d:\oop project\bang bang chiu\debug\bang bang chiu.tlog\cl.write.1.tlog
d:\oop project\bang bang chiu\debug\bang bang chiu.tlog\link-cvtres.read.1.tlog
d:\oop project\bang bang chiu\debug\bang bang chiu.tlog\link-cvtres.write.1.tlog
d:\oop project\bang bang chiu\debug\bang bang chiu.tlog\link-rc.read.1.tlog
d:\oop project\bang bang chiu\debug\bang bang chiu.tlog\link-rc.write.1.tlog
d:\oop project\bang bang chiu\debug\bang bang chiu.tlog\link.3380-cvtres.read.1.tlog
d:\oop project\bang bang chiu\debug\bang bang chiu.tlog\link.3380-cvtres.write.1.tlog
d:\oop project\bang bang chiu\debug\bang bang chiu.tlog\link.3380-rc.read.1.tlog
d:\oop project\bang bang chiu\debug\bang bang chiu.tlog\link.3380-rc.write.1.tlog
d:\oop project\bang bang chiu\debug\bang bang chiu.tlog\link.3380.read.1.tlog
d:\oop project\bang bang chiu\debug\bang bang chiu.tlog\link.3380.write.1.tlog
d:\oop project\bang bang chiu\debug\bang bang chiu.tlog\link.command.1.tlog
d:\oop project\bang bang chiu\debug\bang bang chiu.tlog\link.read.1.tlog
d:\oop project\bang bang chiu\debug\bang bang chiu.tlog\link.write.1.tlog
