c:\users\84918\desktop\add\oop-project\bang bang chiu\debug\vc142.pdb
c:\users\84918\desktop\add\oop-project\bang bang chiu\debug\vc142.idb
c:\users\84918\desktop\add\oop-project\bang bang chiu\debug\threatsobject.obj
c:\users\84918\desktop\add\oop-project\bang bang chiu\debug\textobject.obj
c:\users\84918\desktop\add\oop-project\bang bang chiu\debug\score.obj
c:\users\84918\desktop\add\oop-project\bang bang chiu\debug\saveload.obj
c:\users\84918\desktop\add\oop-project\bang bang chiu\debug\menu.obj
c:\users\84918\desktop\add\oop-project\bang bang chiu\debug\mainobject.obj
c:\users\84918\desktop\add\oop-project\bang bang chiu\debug\main.obj
c:\users\84918\desktop\add\oop-project\bang bang chiu\debug\hpobject.obj
c:\users\84918\desktop\add\oop-project\bang bang chiu\debug\gift.obj
c:\users\84918\desktop\add\oop-project\bang bang chiu\debug\explosion.obj
c:\users\84918\desktop\add\oop-project\bang bang chiu\debug\control.obj
c:\users\84918\desktop\add\oop-project\bang bang chiu\debug\commonfunction.obj
c:\users\84918\desktop\add\oop-project\bang bang chiu\debug\baseobject.obj
c:\users\84918\desktop\add\oop-project\bang bang chiu\debug\background.obj
c:\users\84918\desktop\add\oop-project\bang bang chiu\debug\audio.obj
c:\users\84918\desktop\add\oop-project\bang bang chiu\debug\amoobject.obj
c:\users\84918\desktop\add\oop-project\debug\bang bang chiu.exe
c:\users\84918\desktop\add\oop-project\debug\bang bang chiu.ilk
c:\users\84918\desktop\add\oop-project\debug\bang bang chiu.pdb
c:\users\84918\desktop\add\oop-project\bang bang chiu\debug\present.obj
c:\users\84918\desktop\add\oop-project\bang bang chiu\debug\main.obj.enc
c:\users\84918\desktop\add\oop-project\bang bang chiu\debug\vc141.idb
c:\users\84918\desktop\add\oop-project\bang bang chiu\debug\vc141.pdb
c:\users\84918\desktop\add\oop-project\bang bang chiu\debug\bang bang chiu.tlog\cl.command.1.tlog
c:\users\84918\desktop\add\oop-project\bang bang chiu\debug\bang bang chiu.tlog\cl.read.1.tlog
c:\users\84918\desktop\add\oop-project\bang bang chiu\debug\bang bang chiu.tlog\cl.write.1.tlog
c:\users\84918\desktop\add\oop-project\bang bang chiu\debug\bang bang chiu.tlog\link.command.1.tlog
c:\users\84918\desktop\add\oop-project\bang bang chiu\debug\bang bang chiu.tlog\link.read.1.tlog
c:\users\84918\desktop\add\oop-project\bang bang chiu\debug\bang bang chiu.tlog\link.write.1.tlog
